# JRE version: OpenJDK Runtime Environment Temurin-21.0.10+7 (21.0.10+7) (build 21.0.10+7-LTS)
# Java VM: OpenJDK 64-Bit Server VM Temurin-21.0.10+7 (21.0.10+7-LTS, mixed mode, sharing, tiered, compressed oops, compressed class ptrs, parallel gc, windows-amd64)
GC Precious Log:
 CardTable entry size: 512
 CPUs: 8 total, 8 available
 Memory: 7932M
 Large Page Support: Disabled
 NUMA Support: Disabled
 Compressed Oops: Enabled (32-bit)
 Alignments: Space 512K, Generation 512K, Heap 2M
 Heap Min Capacity: 100M
 Heap Initial Capacity: 100M
 Heap Max Capacity: 2G
 Pre-touch: Disabled
 Parallel Workers: 8
Heap:
 PSYoungGen      total 23552K, used 12582K [0x00000000d5580000, 0x00000000d7480000, 0x0000000100000000)
  eden space 20992K, 50% used [0x00000000d5580000,0x00000000d5fc98b8,0x00000000d6a00000)
  from space 2560K, 80% used [0x00000000d7200000,0x00000000d7400020,0x00000000d7480000)
  to   space 4096K, 0% used [0x00000000d6c80000,0x00000000d6c80000,0x00000000d7080000)
 ParOldGen       total 71680K, used 71648K [0x0000000080000000, 0x0000000084600000, 0x00000000d5580000)
  object space 71680K, 99% used [0x0000000080000000,0x00000000845f8340,0x0000000084600000)
 Metaspace       used 55827K, committed 57152K, reserved 1114112K
  class space    used 6043K, committed 6656K, reserved 1048576K
GC Heap History (20 events):
Event: 13.451 GC heap before
{Heap before GC invocations=31 (full 2):
 PSYoungGen      total 23040K, used 22832K [0x00000000d5580000, 0x00000000d7580000, 0x0000000100000000)
  eden space 20992K, 100% used [0x00000000d5580000,0x00000000d6a00000,0x00000000d6a00000)
  from space 2048K, 89% used [0x00000000d7380000,0x00000000d754c010,0x00000000d7580000)
  to   space 4608K, 0% used [0x00000000d6c80000,0x00000000d6c80000,0x00000000d7100000)
 ParOldGen       total 68608K, used 50130K [0x0000000080000000, 0x0000000084300000, 0x00000000d5580000)
  object space 68608K, 73% used [0x0000000080000000,0x00000000830f4b88,0x0000000084300000)
 Metaspace       used 51020K, committed 52288K, reserved 1114112K
  class space    used 5534K, committed 6080K, reserved 1048576K
}
Event: 13.457 GC heap after
{Heap after GC invocations=31 (full 2):
 PSYoungGen      total 25600K, used 2448K [0x00000000d5580000, 0x00000000d7400000, 0x0000000100000000)
  eden space 20992K, 0% used [0x00000000d5580000,0x00000000d5580000,0x00000000d6a00000)
  from space 4608K, 53% used [0x00000000d6c80000,0x00000000d6ee4310,0x00000000d7100000)
  to   space 3072K, 0% used [0x00000000d7100000,0x00000000d7100000,0x00000000d7400000)
 ParOldGen       total 68608K, used 51782K [0x0000000080000000, 0x0000000084300000, 0x00000000d5580000)
  object space 68608K, 75% used [0x0000000080000000,0x0000000083291888,0x0000000084300000)
 Metaspace       used 51020K, committed 52288K, reserved 1114112K
  class space    used 5534K, committed 6080K, reserved 1048576K
}
Event: 13.862 GC heap before
{Heap before GC invocations=32 (full 2):
 PSYoungGen      total 25600K, used 23440K [0x00000000d5580000, 0x00000000d7400000, 0x0000000100000000)
  eden space 20992K, 100% used [0x00000000d5580000,0x00000000d6a00000,0x00000000d6a00000)
  from space 4608K, 53% used [0x00000000d6c80000,0x00000000d6ee4310,0x00000000d7100000)
  to   space 3072K, 0% used [0x00000000d7100000,0x00000000d7100000,0x00000000d7400000)
 ParOldGen       total 68608K, used 51782K [0x0000000080000000, 0x0000000084300000, 0x00000000d5580000)
  object space 68608K, 75% used [0x0000000080000000,0x0000000083291888,0x0000000084300000)
 Metaspace       used 51593K, committed 52800K, reserved 1114112K
  class space    used 5636K, committed 6144K, reserved 1048576K
}
Event: 13.866 GC heap after
{Heap after GC invocations=32 (full 2):
 PSYoungGen      total 22016K, used 768K [0x00000000d5580000, 0x00000000d7200000, 0x0000000100000000)
  eden space 20992K, 0% used [0x00000000d5580000,0x00000000d5580000,0x00000000d6a00000)
  from space 1024K, 75% used [0x00000000d7100000,0x00000000d71c0000,0x00000000d7200000)
  to   space 1536K, 0% used [0x00000000d6f00000,0x00000000d6f00000,0x00000000d7080000)
 ParOldGen       total 68608K, used 54173K [0x0000000080000000, 0x0000000084300000, 0x00000000d5580000)
  object space 68608K, 78% used [0x0000000080000000,0x00000000834e7670,0x0000000084300000)
 Metaspace       used 51593K, committed 52800K, reserved 1114112K
  class space    used 5636K, committed 6144K, reserved 1048576K
}
Event: 14.109 GC heap before
{Heap before GC invocations=33 (full 2):
 PSYoungGen      total 22016K, used 21760K [0x00000000d5580000, 0x00000000d7200000, 0x0000000100000000)
  eden space 20992K, 100% used [0x00000000d5580000,0x00000000d6a00000,0x00000000d6a00000)
  from space 1024K, 75% used [0x00000000d7100000,0x00000000d71c0000,0x00000000d7200000)
  to   space 1536K, 0% used [0x00000000d6f00000,0x00000000d6f00000,0x00000000d7080000)
 ParOldGen       total 68608K, used 54173K [0x0000000080000000, 0x0000000084300000, 0x00000000d5580000)
  object space 68608K, 78% used [0x0000000080000000,0x00000000834e7670,0x0000000084300000)
 Metaspace       used 52040K, committed 53248K, reserved 1114112K
  class space    used 5669K, committed 6208K, reserved 1048576K
}
Event: 14.112 GC heap after
{Heap after GC invocations=33 (full 2):
 PSYoungGen      total 22528K, used 1514K [0x00000000d5580000, 0x00000000d7180000, 0x0000000100000000)
  eden space 20992K, 0% used [0x00000000d5580000,0x00000000d5580000,0x00000000d6a00000)
  from space 1536K, 98% used [0x00000000d6f00000,0x00000000d707aac8,0x00000000d7080000)
  to   space 1024K, 0% used [0x00000000d7080000,0x00000000d7080000,0x00000000d7180000)
 ParOldGen       total 68608K, used 55629K [0x0000000080000000, 0x0000000084300000, 0x00000000d5580000)
  object space 68608K, 81% used [0x0000000080000000,0x0000000083653670,0x0000000084300000)
 Metaspace       used 52040K, committed 53248K, reserved 1114112K
  class space    used 5669K, committed 6208K, reserved 1048576K
}
Event: 14.235 GC heap before
{Heap before GC invocations=34 (full 2):
 PSYoungGen      total 22528K, used 22506K [0x00000000d5580000, 0x00000000d7180000, 0x0000000100000000)
  eden space 20992K, 100% used [0x00000000d5580000,0x00000000d6a00000,0x00000000d6a00000)
  from space 1536K, 98% used [0x00000000d6f00000,0x00000000d707aac8,0x00000000d7080000)
  to   space 1024K, 0% used [0x00000000d7080000,0x00000000d7080000,0x00000000d7180000)
 ParOldGen       total 68608K, used 55629K [0x0000000080000000, 0x0000000084300000, 0x00000000d5580000)
  object space 68608K, 81% used [0x0000000080000000,0x0000000083653670,0x0000000084300000)
 Metaspace       used 52288K, committed 53568K, reserved 1114112K
  class space    used 5700K, committed 6208K, reserved 1048576K
}
Event: 14.238 GC heap after
{Heap after GC invocations=34 (full 2):
 PSYoungGen      total 22016K, used 1004K [0x00000000d5580000, 0x00000000d7180000, 0x0000000100000000)
  eden space 20992K, 0% used [0x00000000d5580000,0x00000000d5580000,0x00000000d6a00000)
  from space 1024K, 98% used [0x00000000d7080000,0x00000000d717b018,0x00000000d7180000)
  to   space 3584K, 0% used [0x00000000d6a80000,0x00000000d6a80000,0x00000000d6e00000)
 ParOldGen       total 68608K, used 57682K [0x0000000080000000, 0x0000000084300000, 0x00000000d5580000)
  object space 68608K, 84% used [0x0000000080000000,0x0000000083854bc8,0x0000000084300000)
 Metaspace       used 52288K, committed 53568K, reserved 1114112K
  class space    used 5700K, committed 6208K, reserved 1048576K
}
Event: 14.345 GC heap before
{Heap before GC invocations=35 (full 2):
 PSYoungGen      total 22016K, used 21996K [0x00000000d5580000, 0x00000000d7180000, 0x0000000100000000)
  eden space 20992K, 100% used [0x00000000d5580000,0x00000000d6a00000,0x00000000d6a00000)
  from space 1024K, 98% used [0x00000000d7080000,0x00000000d717b018,0x00000000d7180000)
  to   space 3584K, 0% used [0x00000000d6a80000,0x00000000d6a80000,0x00000000d6e00000)
 ParOldGen       total 68608K, used 57682K [0x0000000080000000, 0x0000000084300000, 0x00000000d5580000)
  object space 68608K, 84% used [0x0000000080000000,0x0000000083854bc8,0x0000000084300000)
 Metaspace       used 52557K, committed 53824K, reserved 1114112K
  class space    used 5730K, committed 6272K, reserved 1048576K
}
Event: 14.347 GC heap after
{Heap after GC invocations=35 (full 2):
 PSYoungGen      total 24576K, used 1792K [0x00000000d5580000, 0x00000000d7100000, 0x0000000100000000)
  eden space 20992K, 0% used [0x00000000d5580000,0x00000000d5580000,0x00000000d6a00000)
  from space 3584K, 50% used [0x00000000d6a80000,0x00000000d6c40000,0x00000000d6e00000)
  to   space 2560K, 0% used [0x00000000d6e80000,0x00000000d6e80000,0x00000000d7100000)
 ParOldGen       total 68608K, used 58534K [0x0000000080000000, 0x0000000084300000, 0x00000000d5580000)
  object space 68608K, 85% used [0x0000000080000000,0x0000000083929bd0,0x0000000084300000)
 Metaspace       used 52557K, committed 53824K, reserved 1114112K
  class space    used 5730K, committed 6272K, reserved 1048576K
}
Event: 14.440 GC heap before
{Heap before GC invocations=36 (full 2):
 PSYoungGen      total 24576K, used 22778K [0x00000000d5580000, 0x00000000d7100000, 0x0000000100000000)
  eden space 20992K, 99% used [0x00000000d5580000,0x00000000d69fea38,0x00000000d6a00000)
  from space 3584K, 50% used [0x00000000d6a80000,0x00000000d6c40000,0x00000000d6e00000)
  to   space 2560K, 0% used [0x00000000d6e80000,0x00000000d6e80000,0x00000000d7100000)
 ParOldGen       total 68608K, used 58534K [0x0000000080000000, 0x0000000084300000, 0x00000000d5580000)
  object space 68608K, 85% used [0x0000000080000000,0x0000000083929bd0,0x0000000084300000)
 Metaspace       used 52965K, committed 54208K, reserved 1114112K
  class space    used 5764K, committed 6272K, reserved 1048576K
}
Event: 14.444 GC heap after
{Heap after GC invocations=36 (full 2):
 PSYoungGen      total 23552K, used 2344K [0x00000000d5580000, 0x00000000d7100000, 0x0000000100000000)
  eden space 20992K, 0% used [0x00000000d5580000,0x00000000d5580000,0x00000000d6a00000)
  from space 2560K, 91% used [0x00000000d6e80000,0x00000000d70ca3d0,0x00000000d7100000)
  to   space 2560K, 0% used [0x00000000d6c00000,0x00000000d6c00000,0x00000000d6e80000)
 ParOldGen       total 68608K, used 60214K [0x0000000080000000, 0x0000000084300000, 0x00000000d5580000)
  object space 68608K, 87% used [0x0000000080000000,0x0000000083acdbd0,0x0000000084300000)
 Metaspace       used 52965K, committed 54208K, reserved 1114112K
  class space    used 5764K, committed 6272K, reserved 1048576K
}
Event: 14.605 GC heap before
{Heap before GC invocations=37 (full 2):
 PSYoungGen      total 23552K, used 23336K [0x00000000d5580000, 0x00000000d7100000, 0x0000000100000000)
  eden space 20992K, 100% used [0x00000000d5580000,0x00000000d6a00000,0x00000000d6a00000)
  from space 2560K, 91% used [0x00000000d6e80000,0x00000000d70ca3d0,0x00000000d7100000)
  to   space 2560K, 0% used [0x00000000d6c00000,0x00000000d6c00000,0x00000000d6e80000)
 ParOldGen       total 68608K, used 60214K [0x0000000080000000, 0x0000000084300000, 0x00000000d5580000)
  object space 68608K, 87% used [0x0000000080000000,0x0000000083acdbd0,0x0000000084300000)
 Metaspace       used 52974K, committed 54208K, reserved 1114112K
  class space    used 5765K, committed 6272K, reserved 1048576K
}
Event: 14.610 GC heap after
{Heap after GC invocations=37 (full 2):
 PSYoungGen      total 23552K, used 2534K [0x00000000d5580000, 0x00000000d7600000, 0x0000000100000000)
  eden space 20992K, 0% used [0x00000000d5580000,0x00000000d5580000,0x00000000d6a00000)
  from space 2560K, 98% used [0x00000000d6c00000,0x00000000d6e798b0,0x00000000d6e80000)
  to   space 6144K, 0% used [0x00000000d7000000,0x00000000d7000000,0x00000000d7600000)
 ParOldGen       total 68608K, used 63113K [0x0000000080000000, 0x0000000084300000, 0x00000000d5580000)
  object space 68608K, 91% used [0x0000000080000000,0x0000000083da2740,0x0000000084300000)
 Metaspace       used 52974K, committed 54208K, reserved 1114112K
  class space    used 5765K, committed 6272K, reserved 1048576K
}
Event: 17.155 GC heap before
{Heap before GC invocations=38 (full 2):
 PSYoungGen      total 23552K, used 23526K [0x00000000d5580000, 0x00000000d7600000, 0x0000000100000000)
  eden space 20992K, 100% used [0x00000000d5580000,0x00000000d6a00000,0x00000000d6a00000)
  from space 2560K, 98% used [0x00000000d6c00000,0x00000000d6e798b0,0x00000000d6e80000)
  to   space 6144K, 0% used [0x00000000d7000000,0x00000000d7000000,0x00000000d7600000)
 ParOldGen       total 68608K, used 63113K [0x0000000080000000, 0x0000000084300000, 0x00000000d5580000)
  object space 68608K, 91% used [0x0000000080000000,0x0000000083da2740,0x0000000084300000)
 Metaspace       used 52992K, committed 54272K, reserved 1114112K
  class space    used 5765K, committed 6272K, reserved 1048576K
}
Event: 17.158 GC heap after
{Heap after GC invocations=38 (full 2):
 PSYoungGen      total 23552K, used 2214K [0x00000000d5580000, 0x00000000d7280000, 0x0000000100000000)
  eden space 20992K, 0% used [0x00000000d5580000,0x00000000d5580000,0x00000000d6a00000)
  from space 2560K, 86% used [0x00000000d7000000,0x00000000d7229b80,0x00000000d7280000)
  to   space 3584K, 0% used [0x00000000d6b80000,0x00000000d6b80000,0x00000000d6f00000)
 ParOldGen       total 68608K, used 64512K [0x0000000080000000, 0x0000000084300000, 0x00000000d5580000)
  object space 68608K, 94% used [0x0000000080000000,0x0000000083f00108,0x0000000084300000)
 Metaspace       used 52992K, committed 54272K, reserved 1114112K
  class space    used 5765K, committed 6272K, reserved 1048576K
}
Event: 23.301 GC heap before
{Heap before GC invocations=39 (full 2):
 PSYoungGen      total 23552K, used 23206K [0x00000000d5580000, 0x00000000d7280000, 0x0000000100000000)
  eden space 20992K, 100% used [0x00000000d5580000,0x00000000d6a00000,0x00000000d6a00000)
  from space 2560K, 86% used [0x00000000d7000000,0x00000000d7229b80,0x00000000d7280000)
  to   space 3584K, 0% used [0x00000000d6b80000,0x00000000d6b80000,0x00000000d6f00000)
 ParOldGen       total 68608K, used 64512K [0x0000000080000000, 0x0000000084300000, 0x00000000d5580000)
  object space 68608K, 94% used [0x0000000080000000,0x0000000083f00108,0x0000000084300000)
 Metaspace       used 53147K, committed 54336K, reserved 1114112K
  class space    used 5782K, committed 6272K, reserved 1048576K
}
Event: 23.306 GC heap after
{Heap after GC invocations=39 (full 2):
 PSYoungGen      total 24576K, used 3578K [0x00000000d5580000, 0x00000000d7a00000, 0x0000000100000000)
  eden space 20992K, 0% used [0x00000000d5580000,0x00000000d5580000,0x00000000d6a00000)
  from space 3584K, 99% used [0x00000000d6b80000,0x00000000d6efe938,0x00000000d6f00000)
  to   space 8192K, 0% used [0x00000000d7200000,0x00000000d7200000,0x00000000d7a00000)
 ParOldGen       total 68608K, used 68068K [0x0000000080000000, 0x0000000084300000, 0x00000000d5580000)
  object space 68608K, 99% used [0x0000000080000000,0x0000000084279398,0x0000000084300000)
 Metaspace       used 53147K, committed 54336K, reserved 1114112K
  class space    used 5782K, committed 6272K, reserved 1048576K
}
Event: 24.126 GC heap before
{Heap before GC invocations=40 (full 2):
 PSYoungGen      total 24576K, used 24570K [0x00000000d5580000, 0x00000000d7a00000, 0x0000000100000000)
  eden space 20992K, 100% used [0x00000000d5580000,0x00000000d6a00000,0x00000000d6a00000)
  from space 3584K, 99% used [0x00000000d6b80000,0x00000000d6efe938,0x00000000d6f00000)
  to   space 8192K, 0% used [0x00000000d7200000,0x00000000d7200000,0x00000000d7a00000)
 ParOldGen       total 68608K, used 68068K [0x0000000080000000, 0x0000000084300000, 0x00000000d5580000)
  object space 68608K, 99% used [0x0000000080000000,0x0000000084279398,0x0000000084300000)
 Metaspace       used 54794K, committed 56128K, reserved 1114112K
  class space    used 5920K, committed 6528K, reserved 1048576K
}
Event: 24.131 GC heap after
{Heap after GC invocations=40 (full 2):
 PSYoungGen      total 23552K, used 2048K [0x00000000d5580000, 0x00000000d7480000, 0x0000000100000000)
  eden space 20992K, 0% used [0x00000000d5580000,0x00000000d5580000,0x00000000d6a00000)
  from space 2560K, 80% used [0x00000000d7200000,0x00000000d7400020,0x00000000d7480000)
  to   space 4096K, 0% used [0x00000000d6c80000,0x00000000d6c80000,0x00000000d7080000)
 ParOldGen       total 71680K, used 71648K [0x0000000080000000, 0x0000000084600000, 0x00000000d5580000)
  object space 71680K, 99% used [0x0000000080000000,0x00000000845f8340,0x0000000084600000)
 Metaspace       used 54794K, committed 56128K, reserved 1114112K
  class space    used 5920K, committed 6528K, reserved 1048576K
}

