# JRE version: OpenJDK Runtime Environment Temurin-21.0.10+7 (21.0.10+7) (build 21.0.10+7-LTS)
# Java VM: OpenJDK 64-Bit Server VM Temurin-21.0.10+7 (21.0.10+7-LTS, mixed mode, sharing, tiered, compressed oops, compressed class ptrs, parallel gc, windows-amd64)
GC Precious Log:
 CardTable entry size: 512
 CPUs: 8 total, 8 available
 Memory: 7932M
 Large Page Support: Disabled
 NUMA Support: Disabled
 Compressed Oops: Enabled (32-bit)
 Alignments: Space 512K, Generation 512K, Heap 2M
 Heap Min Capacity: 100M
 Heap Initial Capacity: 100M
 Heap Max Capacity: 2G
 Pre-touch: Disabled
 Parallel Workers: 8
Heap:
 PSYoungGen      total 17920K, used 17904K [0x00000000d5580000, 0x00000000d7680000, 0x0000000100000000)
  eden space 16384K, 100% used [0x00000000d5580000,0x00000000d6580000,0x00000000d6580000)
  from space 1536K, 98% used [0x00000000d6780000,0x00000000d68fc030,0x00000000d6900000)
  to   space 8704K, 0% used [0x00000000d6e00000,0x00000000d6e00000,0x00000000d7680000)
 ParOldGen       total 68608K, used 51810K [0x0000000080000000, 0x0000000084300000, 0x00000000d5580000)
  object space 68608K, 75% used [0x0000000080000000,0x0000000083298860,0x0000000084300000)
 Metaspace       used 48112K, committed 49280K, reserved 1114112K
  class space    used 5232K, committed 5760K, reserved 1048576K
GC Heap History (20 events):
Event: 10.427 GC heap before
{Heap before GC invocations=20 (full 2):
 PSYoungGen      total 24576K, used 24128K [0x00000000d5580000, 0x00000000d7000000, 0x0000000100000000)
  eden space 22016K, 100% used [0x00000000d5580000,0x00000000d6b00000,0x00000000d6b00000)
  from space 2560K, 82% used [0x00000000d6c80000,0x00000000d6e90030,0x00000000d6f00000)
  to   space 1024K, 0% used [0x00000000d6f00000,0x00000000d6f00000,0x00000000d7000000)
 ParOldGen       total 68608K, used 23237K [0x0000000080000000, 0x0000000084300000, 0x00000000d5580000)
  object space 68608K, 33% used [0x0000000080000000,0x00000000816b1470,0x0000000084300000)
 Metaspace       used 42724K, committed 43968K, reserved 1114112K
  class space    used 4555K, committed 5120K, reserved 1048576K
}
Event: 10.436 GC heap after
{Heap after GC invocations=20 (full 2):
 PSYoungGen      total 17408K, used 1024K [0x00000000d5580000, 0x00000000d7e00000, 0x0000000100000000)
  eden space 16384K, 0% used [0x00000000d5580000,0x00000000d5580000,0x00000000d6580000)
  from space 1024K, 100% used [0x00000000d6f00000,0x00000000d7000000,0x00000000d7000000)
  to   space 9728K, 0% used [0x00000000d6580000,0x00000000d6580000,0x00000000d6f00000)
 ParOldGen       total 68608K, used 30656K [0x0000000080000000, 0x0000000084300000, 0x00000000d5580000)
  object space 68608K, 44% used [0x0000000080000000,0x0000000081df02d8,0x0000000084300000)
 Metaspace       used 42724K, committed 43968K, reserved 1114112K
  class space    used 4555K, committed 5120K, reserved 1048576K
}
Event: 10.543 GC heap before
{Heap before GC invocations=21 (full 2):
 PSYoungGen      total 17408K, used 17408K [0x00000000d5580000, 0x00000000d7e00000, 0x0000000100000000)
  eden space 16384K, 100% used [0x00000000d5580000,0x00000000d6580000,0x00000000d6580000)
  from space 1024K, 100% used [0x00000000d6f00000,0x00000000d7000000,0x00000000d7000000)
  to   space 9728K, 0% used [0x00000000d6580000,0x00000000d6580000,0x00000000d6f00000)
 ParOldGen       total 68608K, used 30656K [0x0000000080000000, 0x0000000084300000, 0x00000000d5580000)
  object space 68608K, 44% used [0x0000000080000000,0x0000000081df02d8,0x0000000084300000)
 Metaspace       used 43733K, committed 44992K, reserved 1114112K
  class space    used 4693K, committed 5248K, reserved 1048576K
}
Event: 10.550 GC heap after
{Heap after GC invocations=21 (full 2):
 PSYoungGen      total 22528K, used 5798K [0x00000000d5580000, 0x00000000d7380000, 0x0000000100000000)
  eden space 16384K, 0% used [0x00000000d5580000,0x00000000d5580000,0x00000000d6580000)
  from space 6144K, 94% used [0x00000000d6580000,0x00000000d6b29bd0,0x00000000d6b80000)
  to   space 7168K, 0% used [0x00000000d6c80000,0x00000000d6c80000,0x00000000d7380000)
 ParOldGen       total 68608K, used 31693K [0x0000000080000000, 0x0000000084300000, 0x00000000d5580000)
  object space 68608K, 46% used [0x0000000080000000,0x0000000081ef3798,0x0000000084300000)
 Metaspace       used 43733K, committed 44992K, reserved 1114112K
  class space    used 4693K, committed 5248K, reserved 1048576K
}
Event: 10.623 GC heap before
{Heap before GC invocations=22 (full 2):
 PSYoungGen      total 22528K, used 22182K [0x00000000d5580000, 0x00000000d7380000, 0x0000000100000000)
  eden space 16384K, 100% used [0x00000000d5580000,0x00000000d6580000,0x00000000d6580000)
  from space 6144K, 94% used [0x00000000d6580000,0x00000000d6b29bd0,0x00000000d6b80000)
  to   space 7168K, 0% used [0x00000000d6c80000,0x00000000d6c80000,0x00000000d7380000)
 ParOldGen       total 68608K, used 31693K [0x0000000080000000, 0x0000000084300000, 0x00000000d5580000)
  object space 68608K, 46% used [0x0000000080000000,0x0000000081ef3798,0x0000000084300000)
 Metaspace       used 44029K, committed 45312K, reserved 1114112K
  class space    used 4734K, committed 5312K, reserved 1048576K
}
Event: 10.630 GC heap after
{Heap after GC invocations=22 (full 2):
 PSYoungGen      total 18432K, used 1600K [0x00000000d5580000, 0x00000000d6e80000, 0x0000000100000000)
  eden space 16384K, 0% used [0x00000000d5580000,0x00000000d5580000,0x00000000d6580000)
  from space 2048K, 78% used [0x00000000d6c80000,0x00000000d6e10010,0x00000000d6e80000)
  to   space 3584K, 0% used [0x00000000d6780000,0x00000000d6780000,0x00000000d6b00000)
 ParOldGen       total 68608K, used 37362K [0x0000000080000000, 0x0000000084300000, 0x00000000d5580000)
  object space 68608K, 54% used [0x0000000080000000,0x000000008247c8d8,0x0000000084300000)
 Metaspace       used 44029K, committed 45312K, reserved 1114112K
  class space    used 4734K, committed 5312K, reserved 1048576K
}
Event: 10.741 GC heap before
{Heap before GC invocations=23 (full 2):
 PSYoungGen      total 18432K, used 17984K [0x00000000d5580000, 0x00000000d6e80000, 0x0000000100000000)
  eden space 16384K, 100% used [0x00000000d5580000,0x00000000d6580000,0x00000000d6580000)
  from space 2048K, 78% used [0x00000000d6c80000,0x00000000d6e10010,0x00000000d6e80000)
  to   space 3584K, 0% used [0x00000000d6780000,0x00000000d6780000,0x00000000d6b00000)
 ParOldGen       total 68608K, used 37362K [0x0000000080000000, 0x0000000084300000, 0x00000000d5580000)
  object space 68608K, 54% used [0x0000000080000000,0x000000008247c8d8,0x0000000084300000)
 Metaspace       used 44388K, committed 45568K, reserved 1114112K
  class space    used 4776K, committed 5312K, reserved 1048576K
}
Event: 10.745 GC heap after
{Heap after GC invocations=23 (full 2):
 PSYoungGen      total 19968K, used 1762K [0x00000000d5580000, 0x00000000d6d00000, 0x0000000100000000)
  eden space 16384K, 0% used [0x00000000d5580000,0x00000000d5580000,0x00000000d6580000)
  from space 3584K, 49% used [0x00000000d6780000,0x00000000d6938800,0x00000000d6b00000)
  to   space 2048K, 0% used [0x00000000d6b00000,0x00000000d6b00000,0x00000000d6d00000)
 ParOldGen       total 68608K, used 38810K [0x0000000080000000, 0x0000000084300000, 0x00000000d5580000)
  object space 68608K, 56% used [0x0000000080000000,0x00000000825e68e8,0x0000000084300000)
 Metaspace       used 44388K, committed 45568K, reserved 1114112K
  class space    used 4776K, committed 5312K, reserved 1048576K
}
Event: 10.808 GC heap before
{Heap before GC invocations=24 (full 2):
 PSYoungGen      total 19968K, used 18146K [0x00000000d5580000, 0x00000000d6d00000, 0x0000000100000000)
  eden space 16384K, 100% used [0x00000000d5580000,0x00000000d6580000,0x00000000d6580000)
  from space 3584K, 49% used [0x00000000d6780000,0x00000000d6938800,0x00000000d6b00000)
  to   space 2048K, 0% used [0x00000000d6b00000,0x00000000d6b00000,0x00000000d6d00000)
 ParOldGen       total 68608K, used 38810K [0x0000000080000000, 0x0000000084300000, 0x00000000d5580000)
  object space 68608K, 56% used [0x0000000080000000,0x00000000825e68e8,0x0000000084300000)
 Metaspace       used 44551K, committed 45760K, reserved 1114112K
  class space    used 4798K, committed 5376K, reserved 1048576K
}
Event: 10.814 GC heap after
{Heap after GC invocations=24 (full 2):
 PSYoungGen      total 18432K, used 1540K [0x00000000d5580000, 0x00000000d6d00000, 0x0000000100000000)
  eden space 16384K, 0% used [0x00000000d5580000,0x00000000d5580000,0x00000000d6580000)
  from space 2048K, 75% used [0x00000000d6b00000,0x00000000d6c81000,0x00000000d6d00000)
  to   space 2048K, 0% used [0x00000000d6900000,0x00000000d6900000,0x00000000d6b00000)
 ParOldGen       total 68608K, used 40362K [0x0000000080000000, 0x0000000084300000, 0x00000000d5580000)
  object space 68608K, 58% used [0x0000000080000000,0x000000008276a8e8,0x0000000084300000)
 Metaspace       used 44551K, committed 45760K, reserved 1114112K
  class space    used 4798K, committed 5376K, reserved 1048576K
}
Event: 10.873 GC heap before
{Heap before GC invocations=25 (full 2):
 PSYoungGen      total 18432K, used 17924K [0x00000000d5580000, 0x00000000d6d00000, 0x0000000100000000)
  eden space 16384K, 100% used [0x00000000d5580000,0x00000000d6580000,0x00000000d6580000)
  from space 2048K, 75% used [0x00000000d6b00000,0x00000000d6c81000,0x00000000d6d00000)
  to   space 2048K, 0% used [0x00000000d6900000,0x00000000d6900000,0x00000000d6b00000)
 ParOldGen       total 68608K, used 40362K [0x0000000080000000, 0x0000000084300000, 0x00000000d5580000)
  object space 68608K, 58% used [0x0000000080000000,0x000000008276a8e8,0x0000000084300000)
 Metaspace       used 44617K, committed 45888K, reserved 1114112K
  class space    used 4806K, committed 5376K, reserved 1048576K
}
Event: 10.879 GC heap after
{Heap after GC invocations=25 (full 2):
 PSYoungGen      total 17920K, used 1440K [0x00000000d5580000, 0x00000000d6b80000, 0x0000000100000000)
  eden space 16384K, 0% used [0x00000000d5580000,0x00000000d5580000,0x00000000d6580000)
  from space 1536K, 93% used [0x00000000d6900000,0x00000000d6a68000,0x00000000d6a80000)
  to   space 1024K, 0% used [0x00000000d6a80000,0x00000000d6a80000,0x00000000d6b80000)
 ParOldGen       total 68608K, used 41743K [0x0000000080000000, 0x0000000084300000, 0x00000000d5580000)
  object space 68608K, 60% used [0x0000000080000000,0x00000000828c3f10,0x0000000084300000)
 Metaspace       used 44617K, committed 45888K, reserved 1114112K
  class space    used 4806K, committed 5376K, reserved 1048576K
}
Event: 11.020 GC heap before
{Heap before GC invocations=26 (full 2):
 PSYoungGen      total 17920K, used 17824K [0x00000000d5580000, 0x00000000d6b80000, 0x0000000100000000)
  eden space 16384K, 100% used [0x00000000d5580000,0x00000000d6580000,0x00000000d6580000)
  from space 1536K, 93% used [0x00000000d6900000,0x00000000d6a68000,0x00000000d6a80000)
  to   space 1024K, 0% used [0x00000000d6a80000,0x00000000d6a80000,0x00000000d6b80000)
 ParOldGen       total 68608K, used 41743K [0x0000000080000000, 0x0000000084300000, 0x00000000d5580000)
  object space 68608K, 60% used [0x0000000080000000,0x00000000828c3f10,0x0000000084300000)
 Metaspace       used 45007K, committed 46336K, reserved 1114112K
  class space    used 4851K, committed 5440K, reserved 1048576K
}
Event: 11.027 GC heap after
{Heap after GC invocations=26 (full 2):
 PSYoungGen      total 17408K, used 1024K [0x00000000d5580000, 0x00000000d6c80000, 0x0000000100000000)
  eden space 16384K, 0% used [0x00000000d5580000,0x00000000d5580000,0x00000000d6580000)
  from space 1024K, 100% used [0x00000000d6a80000,0x00000000d6b80000,0x00000000d6b80000)
  to   space 3584K, 0% used [0x00000000d6580000,0x00000000d6580000,0x00000000d6900000)
 ParOldGen       total 68608K, used 43599K [0x0000000080000000, 0x0000000084300000, 0x00000000d5580000)
  object space 68608K, 63% used [0x0000000080000000,0x0000000082a93f20,0x0000000084300000)
 Metaspace       used 45007K, committed 46336K, reserved 1114112K
  class space    used 4851K, committed 5440K, reserved 1048576K
}
Event: 11.108 GC heap before
{Heap before GC invocations=27 (full 2):
 PSYoungGen      total 17408K, used 17408K [0x00000000d5580000, 0x00000000d6c80000, 0x0000000100000000)
  eden space 16384K, 100% used [0x00000000d5580000,0x00000000d6580000,0x00000000d6580000)
  from space 1024K, 100% used [0x00000000d6a80000,0x00000000d6b80000,0x00000000d6b80000)
  to   space 3584K, 0% used [0x00000000d6580000,0x00000000d6580000,0x00000000d6900000)
 ParOldGen       total 68608K, used 43599K [0x0000000080000000, 0x0000000084300000, 0x00000000d5580000)
  object space 68608K, 63% used [0x0000000080000000,0x0000000082a93f20,0x0000000084300000)
 Metaspace       used 45151K, committed 46400K, reserved 1114112K
  class space    used 4871K, committed 5440K, reserved 1048576K
}
Event: 11.114 GC heap after
{Heap after GC invocations=27 (full 2):
 PSYoungGen      total 19968K, used 1344K [0x00000000d5580000, 0x00000000d6b00000, 0x0000000100000000)
  eden space 16384K, 0% used [0x00000000d5580000,0x00000000d5580000,0x00000000d6580000)
  from space 3584K, 37% used [0x00000000d6580000,0x00000000d66d0000,0x00000000d6900000)
  to   space 2048K, 0% used [0x00000000d6900000,0x00000000d6900000,0x00000000d6b00000)
 ParOldGen       total 68608K, used 44623K [0x0000000080000000, 0x0000000084300000, 0x00000000d5580000)
  object space 68608K, 65% used [0x0000000080000000,0x0000000082b93f20,0x0000000084300000)
 Metaspace       used 45151K, committed 46400K, reserved 1114112K
  class space    used 4871K, committed 5440K, reserved 1048576K
}
Event: 11.246 GC heap before
{Heap before GC invocations=28 (full 2):
 PSYoungGen      total 19968K, used 17728K [0x00000000d5580000, 0x00000000d6b00000, 0x0000000100000000)
  eden space 16384K, 100% used [0x00000000d5580000,0x00000000d6580000,0x00000000d6580000)
  from space 3584K, 37% used [0x00000000d6580000,0x00000000d66d0000,0x00000000d6900000)
  to   space 2048K, 0% used [0x00000000d6900000,0x00000000d6900000,0x00000000d6b00000)
 ParOldGen       total 68608K, used 44623K [0x0000000080000000, 0x0000000084300000, 0x00000000d5580000)
  object space 68608K, 65% used [0x0000000080000000,0x0000000082b93f20,0x0000000084300000)
 Metaspace       used 45379K, committed 46592K, reserved 1114112K
  class space    used 4904K, committed 5440K, reserved 1048576K
}
Event: 11.252 GC heap after
{Heap after GC invocations=28 (full 2):
 PSYoungGen      total 17920K, used 1464K [0x00000000d5580000, 0x00000000d6a80000, 0x0000000100000000)
  eden space 16384K, 0% used [0x00000000d5580000,0x00000000d5580000,0x00000000d6580000)
  from space 1536K, 95% used [0x00000000d6900000,0x00000000d6a6e200,0x00000000d6a80000)
  to   space 1536K, 0% used [0x00000000d6780000,0x00000000d6780000,0x00000000d6900000)
 ParOldGen       total 68608K, used 45887K [0x0000000080000000, 0x0000000084300000, 0x00000000d5580000)
  object space 68608K, 66% used [0x0000000080000000,0x0000000082ccff20,0x0000000084300000)
 Metaspace       used 45379K, committed 46592K, reserved 1114112K
  class space    used 4904K, committed 5440K, reserved 1048576K
}
Event: 11.576 GC heap before
{Heap before GC invocations=29 (full 2):
 PSYoungGen      total 17920K, used 17848K [0x00000000d5580000, 0x00000000d6a80000, 0x0000000100000000)
  eden space 16384K, 100% used [0x00000000d5580000,0x00000000d6580000,0x00000000d6580000)
  from space 1536K, 95% used [0x00000000d6900000,0x00000000d6a6e200,0x00000000d6a80000)
  to   space 1536K, 0% used [0x00000000d6780000,0x00000000d6780000,0x00000000d6900000)
 ParOldGen       total 68608K, used 45887K [0x0000000080000000, 0x0000000084300000, 0x00000000d5580000)
  object space 68608K, 66% used [0x0000000080000000,0x0000000082ccff20,0x0000000084300000)
 Metaspace       used 46437K, committed 47744K, reserved 1114112K
  class space    used 5044K, committed 5632K, reserved 1048576K
}
Event: 11.585 GC heap after
{Heap after GC invocations=29 (full 2):
 PSYoungGen      total 17920K, used 1520K [0x00000000d5580000, 0x00000000d7680000, 0x0000000100000000)
  eden space 16384K, 0% used [0x00000000d5580000,0x00000000d5580000,0x00000000d6580000)
  from space 1536K, 98% used [0x00000000d6780000,0x00000000d68fc030,0x00000000d6900000)
  to   space 8704K, 0% used [0x00000000d6e00000,0x00000000d6e00000,0x00000000d7680000)
 ParOldGen       total 68608K, used 51810K [0x0000000080000000, 0x0000000084300000, 0x00000000d5580000)
  object space 68608K, 75% used [0x0000000080000000,0x0000000083298860,0x0000000084300000)
 Metaspace       used 46437K, committed 47744K, reserved 1114112K
  class space    used 5044K, committed 5632K, reserved 1048576K
}

